<?xml version="1.0" ?>
<coverage branch-rate="0" branches-covered="0" branches-valid="0" complexity="0" line-rate="0.575" lines-covered="23" lines-valid="40" timestamp="1600408531453" version="5.3">
	<!-- Generated by coverage.py: https://coverage.readthedocs.io -->
	<!-- Based on https://raw.githubusercontent.com/cobertura/web/master/htdocs/xml/coverage-04.dtd -->
	<sources>
		<source>/home/lyupo/Work/Python3/projects/python-project-lvl2/gendiff</source>
	</sources>
	<packages>
		<package branch-rate="0" complexity="0" line-rate="0.8214" name=".">
			<classes>
				<class branch-rate="0" complexity="0" filename="__init__.py" line-rate="1" name="__init__.py">
					<methods/>
					<lines>
						<line hits="1" number="3"/>
					</lines>
				</class>
				<class branch-rate="0" complexity="0" filename="cli.py" line-rate="0.8148" name="cli.py">
					<methods/>
					<lines>
						<line hits="1" number="3"/>
						<line hits="1" number="4"/>
						<line hits="1" number="5"/>
						<line hits="1" number="8"/>
						<line hits="0" number="14"/>
						<line hits="0" number="24"/>
						<line hits="0" number="30"/>
						<line hits="0" number="36"/>
						<line hits="0" number="45"/>
						<line hits="1" number="48"/>
						<line hits="1" number="60"/>
						<line hits="1" number="61"/>
						<line hits="1" number="63"/>
						<line hits="1" number="64"/>
						<line hits="1" number="65"/>
						<line hits="1" number="66"/>
						<line hits="1" number="68"/>
						<line hits="1" number="69"/>
						<line hits="1" number="70"/>
						<line hits="1" number="71"/>
						<line hits="1" number="78"/>
						<line hits="1" number="84"/>
						<line hits="1" number="90"/>
						<line hits="1" number="91"/>
						<line hits="1" number="97"/>
						<line hits="1" number="98"/>
						<line hits="1" number="104"/>
					</lines>
				</class>
			</classes>
		</package>
		<package branch-rate="0" complexity="0" line-rate="0" name="scripts">
			<classes>
				<class branch-rate="0" complexity="0" filename="scripts/__init__.py" line-rate="0" name="__init__.py">
					<methods/>
					<lines>
						<line hits="0" number="3"/>
					</lines>
				</class>
				<class branch-rate="0" complexity="0" filename="scripts/gendiff.py" line-rate="0" name="gendiff.py">
					<methods/>
					<lines>
						<line hits="0" number="3"/>
						<line hits="0" number="4"/>
						<line hits="0" number="5"/>
						<line hits="0" number="6"/>
						<line hits="0" number="9"/>
						<line hits="0" number="11"/>
						<line hits="0" number="12"/>
						<line hits="0" number="13"/>
						<line hits="0" number="14"/>
						<line hits="0" number="17"/>
						<line hits="0" number="18"/>
					</lines>
				</class>
			</classes>
		</package>
	</packages>
</coverage>
